<?xml version="1.0" encoding="UTF-8"?>
<!-- Generated by org.testng.reporters.JUnitXMLReporter -->
<testsuite hostname="SwapnaTirumala" ignored="0" name="Regression" tests="9" failures="0" timestamp="28 Dec 2018 07:34:40 GMT" time="102.315" errors="0">
  <testcase name="Dropdowntest" time="0.337" classname="com.Internet.qa.testcases.DropdownTestcases"/>
  <testcase name="clickOnBrokenImagesLnk" time="0.814" classname="com.Internet.qa.testcases.HomePagetestcases"/>
  <testcase name="ClickOnChkboxLnkTest" time="0.416" classname="com.Internet.qa.testcases.HomePagetestcases"/>
  <testcase name="ClickOnDragnDropLnkTest" time="0.474" classname="com.Internet.qa.testcases.HomePagetestcases"/>
  <testcase name="ClickOnDropdownLnkTest" time="0.326" classname="com.Internet.qa.testcases.HomePagetestcases"/>
  <testcase name="ClickOnSortableTableLnkTest" time="1.015" classname="com.Internet.qa.testcases.HomePagetestcases"/>
  <testcase name="LinksinHomepage" time="0.412" classname="com.Internet.qa.testcases.HomePagetestcases"/>
  <testcase name="ChkbrokenLinksInHomepgTest" time="2.161" classname="com.Internet.qa.testcases.HomePagetestcases"/>
  <testcase name="GetLinksCntBrokenInHomepgTest" time="0.363" classname="com.Internet.qa.testcases.HomePagetestcases"/>
</testsuite> <!-- Regression -->
