<?xml version="1.0" encoding="UTF-8"?>
<!-- Generated by org.testng.reporters.JUnitXMLReporter -->
<testsuite hostname="SwapnaTirumala" ignored="0" name="Smoketest" tests="8" failures="0" timestamp="28 Dec 2018 07:32:57 GMT" time="94.872" errors="0">
  <testcase name="clickOnBrokenImagesLnk" time="0.862" classname="com.Internet.qa.testcases.HomePagetestcases"/>
  <testcase name="ClickOnChkboxLnkTest" time="0.566" classname="com.Internet.qa.testcases.HomePagetestcases"/>
  <testcase name="ClickOnDragnDropLnkTest" time="0.531" classname="com.Internet.qa.testcases.HomePagetestcases"/>
  <testcase name="ClickOnDropdownLnkTest" time="0.639" classname="com.Internet.qa.testcases.HomePagetestcases"/>
  <testcase name="ClickOnSortableTableLnkTest" time="0.429" classname="com.Internet.qa.testcases.HomePagetestcases"/>
  <testcase name="LinksinHomepage" time="0.404" classname="com.Internet.qa.testcases.HomePagetestcases"/>
  <testcase name="ChkbrokenLinksInHomepgTest" time="3.073" classname="com.Internet.qa.testcases.HomePagetestcases"/>
  <testcase name="GetLinksCntBrokenInHomepgTest" time="0.366" classname="com.Internet.qa.testcases.HomePagetestcases"/>
</testsuite> <!-- Smoketest -->
